app/build/outputs/logs/manifest-merger-debug-report.txt
-- Merging decision tree log ---
manifest
ADDED from src\main\AndroidManifest.xml:2:1-222:12
INJECTED from src\main\AndroidManifest.xml:2:1-222:12
INJECTED from src\main\AndroidManifest.xml:2:1-222:12
INJECTED from src\main\AndroidManifest.xml:2:1-222:12
MERGED from [com.android.support:design:28.0.0] AndroidManifest.xml:17:1-24:12
MERGED from [com.airbnb.android:airmapview:1.3.4] AndroidManifest.xml:2:1-12:12
MERGED from [net.gotev:uploadservice:2.1] AndroidManifest.xml:2:1-23:12
MERGED from [com.android.support:appcompat-v7:28.0.0] AndroidManifest.xml:17:1-22:12
MERGED from [com.android.support.constraint:constraint-layout:1.0.2] AndroidManifest.xml:2:1-11:12
MERGED from [com.google.android.gms:play-services-maps:8.3.0] AndroidManifest.xml:16:1-28:12
MERGED from [com.google.android.gms:play-services-base:8.3.0] AndroidManifest.xml:16:1-19:12
MERGED from [com.google.android.gms:play-services-basement:8.3.0] AndroidManifest.xml:16:1-26:12
MERGED from [com.android.support:support-v4:28.0.0] AndroidManifest.xml:17:1-22:12
MERGED from [com.android.support:support-fragment:28.0.0] AndroidManifest.xml:17:1-22:12
MERGED from [com.android.support:animated-vector-drawable:28.0.0] AndroidManifest.xml:17:1-22:12
MERGED from [com.android.support:recyclerview-v7:28.0.0] AndroidManifest.xml:17:1-22:12
MERGED from [com.android.support:support-core-ui:28.0.0] AndroidManifest.xml:17:1-22:12
MERGED from [com.android.support:support-core-utils:28.0.0] AndroidManifest.xml:17:1-22:12
MERGED from [com.android.support:support-vector-drawable:28.0.0] AndroidManifest.xml:17:1-22:12
MERGED from [com.android.support:support-media-compat:28.0.0] AndroidManifest.xml:17:1-22:12
MERGED from [com.android.support:transition:28.0.0] AndroidManifest.xml:17:1-22:12
MERGED from [com.android.support:loader:28.0.0] AndroidManifest.xml:17:1-22:12
MERGED from [com.android.support:viewpager:28.0.0] AndroidManifest.xml:17:1-22:12
MERGED from [com.android.support:coordinatorlayout:28.0.0] AndroidManifest.xml:17:1-22:12
MERGED from [com.android.support:drawerlayout:28.0.0] AndroidManifest.xml:17:1-22:12
MERGED from [com.android.support:slidingpanelayout:28.0.0] AndroidManifest.xml:17:1-22:12
MERGED from [com.android.support:customview:28.0.0] AndroidManifest.xml:17:1-22:12
MERGED from [com.android.support:swiperefreshlayout:28.0.0] AndroidManifest.xml:17:1-22:12
MERGED from [com.android.support:asynclayoutinflater:28.0.0] AndroidManifest.xml:17:1-22:12
MERGED from [com.android.support:support-compat:28.0.0] AndroidManifest.xml:17:1-24:12
MERGED from [com.android.support:versionedparcelable:28.0.0] AndroidManifest.xml:17:1-25:12
MERGED from [com.android.support:cursoradapter:28.0.0] AndroidManifest.xml:17:1-22:12
MERGED from [com.android.support:cardview-v7:28.0.0] AndroidManifest.xml:17:1-22:12
MERGED from [android.arch.lifecycle:runtime:1.1.1] AndroidManifest.xml:17:1-22:12
MERGED from [com.android.support:documentfile:28.0.0] AndroidManifest.xml:17:1-22:12
MERGED from [com.android.support:localbroadcastmanager:28.0.0] AndroidManifest.xml:17:1-22:12
MERGED from [com.android.support:print:28.0.0] AndroidManifest.xml:17:1-22:12
MERGED from [android.arch.lifecycle:viewmodel:1.1.1] AndroidManifest.xml:17:1-22:12
MERGED from [com.android.support:interpolator:28.0.0] AndroidManifest.xml:17:1-22:12
MERGED from [android.arch.lifecycle:livedata:1.1.1] AndroidManifest.xml:17:1-22:12
MERGED from [android.arch.lifecycle:livedata-core:1.1.1] AndroidManifest.xml:17:1-22:12
MERGED from [android.arch.core:runtime:1.1.1] AndroidManifest.xml:17:1-22:12
MERGED from [com.google.maps.android:android-maps-utils:0.4] AndroidManifest.xml:2:1-13:12
INJECTED from src\main\AndroidManifest.xml:2:1-222:12
INJECTED from src\main\AndroidManifest.xml:2:1-222:12
INJECTED from src\main\AndroidManifest.xml:2:1-222:12
	package
		ADDED from src\main\AndroidManifest.xml:4:5-34
		INJECTED from src\main\AndroidManifest.xml
		INJECTED from src\main\AndroidManifest.xml
	android:versionName
		ADDED from src\main\AndroidManifest.xml:6:5-32
		INJECTED from src\main\AndroidManifest.xml
		INJECTED from src\main\AndroidManifest.xml
	xmlns:tools
		ADDED from src\main\AndroidManifest.xml:3:5-51
	xmlns:android
		ADDED from src\main\AndroidManifest.xml:2:11-69
	android:versionCode
		ADDED from src\main\AndroidManifest.xml:5:5-28
		INJECTED from src\main\AndroidManifest.xml
		INJECTED from src\main\AndroidManifest.xml
uses-feature#android.hardware.usb.host
ADDED from src\main\AndroidManifest.xml:8:5-10:36
	android:required
		ADDED from src\main\AndroidManifest.xml:10:9-33
	android:name
		ADDED from src\main\AndroidManifest.xml:9:9-49
uses-feature#android.hardware.usb.accessory
ADDED from src\main\AndroidManifest.xml:11:5-67
	android:name
		ADDED from src\main\AndroidManifest.xml:11:19-64
uses-permission#android.permission.ACCESS_NETWORK_STATE
ADDED from src\main\AndroidManifest.xml:13:5-79
MERGED from [com.google.android.gms:play-services-maps:8.3.0] AndroidManifest.xml:20:5-78
MERGED from [com.google.android.gms:play-services-maps:8.3.0] AndroidManifest.xml:20:5-78
	android:name
		ADDED from src\main\AndroidManifest.xml:13:22-76
uses-permission#android.permission.CHANGE_NETWORK_STATE
ADDED from src\main\AndroidManifest.xml:14:5-79
	android:name
		ADDED from src\main\AndroidManifest.xml:14:22-76
uses-permission#android.permission.WRITE_EXTERNAL_STORAGE
ADDED from src\main\AndroidManifest.xml:15:5-81
MERGED from [net.gotev:uploadservice:2.1] AndroidManifest.xml:12:5-81
MERGED from [net.gotev:uploadservice:2.1] AndroidManifest.xml:12:5-81
	android:name
		ADDED from src\main\AndroidManifest.xml:15:22-78
uses-permission#android.permission.ACCESS_WIFI_STATE
ADDED from src\main\AndroidManifest.xml:16:5-76
	android:name
		ADDED from src\main\AndroidManifest.xml:16:22-73
uses-permission#android.permission.CHANGE_WIFI_MULTICAST_STATE
ADDED from src\main\AndroidManifest.xml:17:5-86
	android:name
		ADDED from src\main\AndroidManifest.xml:17:22-83
uses-permission#android.permission.CHANGE_WIFI_STATE
ADDED from src\main\AndroidManifest.xml:18:5-76
	android:name
		ADDED from src\main\AndroidManifest.xml:18:22-73
uses-permission#android.permission.WAKE_LOCK
ADDED from src\main\AndroidManifest.xml:19:5-68
MERGED from [net.gotev:uploadservice:2.1] AndroidManifest.xml:13:5-68
MERGED from [net.gotev:uploadservice:2.1] AndroidManifest.xml:13:5-68
	android:name
		ADDED from src\main\AndroidManifest.xml:19:22-65
uses-permission#android.permission.ACCESS_FINE_LOCATION
ADDED from src\main\AndroidManifest.xml:20:5-79
	android:name
		ADDED from src\main\AndroidManifest.xml:20:22-76
uses-permission#android.permission.ACCESS_COARSE_LOCATION
ADDED from src\main\AndroidManifest.xml:21:5-81
	android:name
		ADDED from src\main\AndroidManifest.xml:21:22-78
uses-permission#android.permission.CAMERA
ADDED from src\main\AndroidManifest.xml:22:5-65
	android:name
		ADDED from src\main\AndroidManifest.xml:22:22-62
uses-feature#android.hardware.camera
ADDED from src\main\AndroidManifest.xml:24:5-60
	android:name
		ADDED from src\main\AndroidManifest.xml:24:19-57
uses-feature#android.hardware.camera.autofocus
ADDED from src\main\AndroidManifest.xml:25:5-70
	android:name
		ADDED from src\main\AndroidManifest.xml:25:19-67
uses-permission#android.permission.BLUETOOTH_ADMIN
ADDED from src\main\AndroidManifest.xml:27:5-74
	android:name
		ADDED from src\main\AndroidManifest.xml:27:22-71
uses-permission#android.permission.BLUETOOTH
ADDED from src\main\AndroidManifest.xml:28:5-68
	android:name
		ADDED from src\main\AndroidManifest.xml:28:22-65
uses-permission#android.permission.GET_ACCOUNTS
ADDED from src\main\AndroidManifest.xml:29:5-71
	android:name
		ADDED from src\main\AndroidManifest.xml:29:22-68
uses-permission#android.permission.USE_CREDENTIALS
ADDED from src\main\AndroidManifest.xml:30:5-74
	android:name
		ADDED from src\main\AndroidManifest.xml:30:22-71
uses-permission#android.permission.MANAGE_ACCOUNTS
ADDED from src\main\AndroidManifest.xml:31:5-74
	android:name
		ADDED from src\main\AndroidManifest.xml:31:22-71
uses-permission#android.permission.AUTHENTICATE_ACCOUNTS
ADDED from src\main\AndroidManifest.xml:32:5-80
	android:name
		ADDED from src\main\AndroidManifest.xml:32:22-77
uses-permission#android.permission.INTERNET
ADDED from src\main\AndroidManifest.xml:33:5-67
MERGED from [net.gotev:uploadservice:2.1] AndroidManifest.xml:11:5-67
MERGED from [net.gotev:uploadservice:2.1] AndroidManifest.xml:11:5-67
MERGED from [com.google.android.gms:play-services-maps:8.3.0] AndroidManifest.xml:21:5-66
MERGED from [com.google.android.gms:play-services-maps:8.3.0] AndroidManifest.xml:21:5-66
	android:name
		ADDED from src\main\AndroidManifest.xml:33:22-64
uses-permission#com.android.launcher.permission.READ_SETTINGS
ADDED from src\main\AndroidManifest.xml:34:5-85
	android:name
		ADDED from src\main\AndroidManifest.xml:34:22-82
uses-permission#android.permission.READ_PHONE_STATE
ADDED from src\main\AndroidManifest.xml:36:5-75
	android:name
		ADDED from src\main\AndroidManifest.xml:36:22-72
uses-permission#android.permission.BROADCAST_STICKY
ADDED from src\main\AndroidManifest.xml:37:5-75
	android:name
		ADDED from src\main\AndroidManifest.xml:37:22-72
uses-permission#android.permission.VIBRATE
ADDED from src\main\AndroidManifest.xml:40:5-66
	android:name
		ADDED from src\main\AndroidManifest.xml:40:22-63
uses-permission#android.permission.FLASHLIGHT
ADDED from src\main\AndroidManifest.xml:41:5-69
	android:name
		ADDED from src\main\AndroidManifest.xml:41:22-66
uses-permission#android.permission.NFC
ADDED from src\main\AndroidManifest.xml:42:5-62
	android:name
		ADDED from src\main\AndroidManifest.xml:42:22-59
uses-permission#android.permission.RECEIVE_BOOT_COMPLETED
ADDED from src\main\AndroidManifest.xml:44:5-81
	android:name
		ADDED from src\main\AndroidManifest.xml:44:22-78
uses-permission#android.permission.BAIDU_LOCATION_SERVICE
ADDED from src\main\AndroidManifest.xml:45:5-81
	android:name
		ADDED from src\main\AndroidManifest.xml:45:22-78
uses-feature#android.hardware.nfc
ADDED from src\main\AndroidManifest.xml:49:5-51:35
	android:required
		ADDED from src\main\AndroidManifest.xml:51:9-32
	android:name
		ADDED from src\main\AndroidManifest.xml:50:9-44
uses-permission#android.permission.READ_EXTERNAL_STORAGE
ADDED from src\main\AndroidManifest.xml:53:5-80
	android:name
		ADDED from src\main\AndroidManifest.xml:53:22-77
application
ADDED from src\main\AndroidManifest.xml:55:5-220:19
MERGED from [com.android.support:design:28.0.0] AndroidManifest.xml:22:5-20
MERGED from [com.android.support:design:28.0.0] AndroidManifest.xml:22:5-20
MERGED from [com.airbnb.android:airmapview:1.3.4] AndroidManifest.xml:10:5-20
MERGED from [com.airbnb.android:airmapview:1.3.4] AndroidManifest.xml:10:5-20
MERGED from [net.gotev:uploadservice:2.1] AndroidManifest.xml:15:5-21:19
MERGED from [net.gotev:uploadservice:2.1] AndroidManifest.xml:15:5-21:19
MERGED from [com.android.support.constraint:constraint-layout:1.0.2] AndroidManifest.xml:9:5-20
MERGED from [com.android.support.constraint:constraint-layout:1.0.2] AndroidManifest.xml:9:5-20
MERGED from [com.google.android.gms:play-services-maps:8.3.0] AndroidManifest.xml:27:5-20
MERGED from [com.google.android.gms:play-services-maps:8.3.0] AndroidManifest.xml:27:5-20
MERGED from [com.google.android.gms:play-services-basement:8.3.0] AndroidManifest.xml:20:5-24:19
MERGED from [com.google.android.gms:play-services-basement:8.3.0] AndroidManifest.xml:20:5-24:19
MERGED from [com.android.support:support-compat:28.0.0] AndroidManifest.xml:22:5-94
MERGED from [com.android.support:support-compat:28.0.0] AndroidManifest.xml:22:5-94
MERGED from [com.android.support:versionedparcelable:28.0.0] AndroidManifest.xml:22:5-23:19
MERGED from [com.android.support:versionedparcelable:28.0.0] AndroidManifest.xml:22:5-23:19
MERGED from [com.google.maps.android:android-maps-utils:0.4] AndroidManifest.xml:7:5-11:19
MERGED from [com.google.maps.android:android-maps-utils:0.4] AndroidManifest.xml:7:5-11:19
	android:appComponentFactory
		ADDED from [com.android.support:support-compat:28.0.0] AndroidManifest.xml:22:18-91
	android:label
		ADDED from src\main\AndroidManifest.xml:59:9-41
	android:icon
		ADDED from src\main\AndroidManifest.xml:58:9-45
	android:allowBackup
		ADDED from src\main\AndroidManifest.xml:57:9-35
	android:theme
		ADDED from src\main\AndroidManifest.xml:60:9-43
	android:name
		ADDED from src\main\AndroidManifest.xml:56:9-44
activity#com.fgtit.fingermap.erd.ERDClock
ADDED from src\main\AndroidManifest.xml:61:9-59
	android:name
		ADDED from src\main\AndroidManifest.xml:61:19-47
activity#com.fgtit.fingermap.erd.ERDJobActivity
ADDED from src\main\AndroidManifest.xml:62:9-56
	android:name
		ADDED from src\main\AndroidManifest.xml:62:19-53
activity#com.fgtit.fingermap.effective_cooling.CreateEffectiveJob
ADDED from src\main\AndroidManifest.xml:63:9-74
	android:name
		ADDED from src\main\AndroidManifest.xml:63:19-71
activity#com.fgtit.fingermap.effective_cooling.EffectiveCooling
ADDED from src\main\AndroidManifest.xml:64:9-72
	android:name
		ADDED from src\main\AndroidManifest.xml:64:19-69
meta-data#com.baidu.lbsapi.API_KEY
ADDED from src\main\AndroidManifest.xml:66:9-68:56
	android:value
		ADDED from src\main\AndroidManifest.xml:68:13-53
	android:name
		ADDED from src\main\AndroidManifest.xml:67:13-52
service#com.fgtit.models.MyService
ADDED from src\main\AndroidManifest.xml:69:9-71:38
	android:enabled
		ADDED from src\main\AndroidManifest.xml:71:13-35
	android:name
		ADDED from src\main\AndroidManifest.xml:70:13-54
service#com.fgtit.service.DownloadService
ADDED from src\main\AndroidManifest.xml:72:9-74:38
	android:enabled
		ADDED from src\main\AndroidManifest.xml:74:13-35
	android:name
		ADDED from src\main\AndroidManifest.xml:73:13-61
service#com.fgtit.service.ClockService
ADDED from src\main\AndroidManifest.xml:75:9-77:24
	android:enabled
		ADDED from src\main\AndroidManifest.xml:76:13-35
	android:name
		ADDED from src\main\AndroidManifest.xml:75:18-63
receiver#com.fgtit.models.SampleBC
ADDED from src\main\AndroidManifest.xml:78:9-87:20
	android:process
		ADDED from src\main\AndroidManifest.xml:81:13-38
	android:exported
		ADDED from src\main\AndroidManifest.xml:80:13-36
	android:name
		ADDED from src\main\AndroidManifest.xml:79:13-53
intent-filter#action:name:android.intent.action.BOOT_COMPLETED+category:name:android.intent.category.HOME
ADDED from src\main\AndroidManifest.xml:82:13-86:29
action#android.intent.action.BOOT_COMPLETED
ADDED from src\main\AndroidManifest.xml:83:17-79
	android:name
		ADDED from src\main\AndroidManifest.xml:83:25-76
category#android.intent.category.HOME
ADDED from src\main\AndroidManifest.xml:85:17-73
	android:name
		ADDED from src\main\AndroidManifest.xml:85:27-70
service#com.baidu.location.f
ADDED from src\main\AndroidManifest.xml:101:9-104:41
	android:process
		ADDED from src\main\AndroidManifest.xml:104:13-38
	android:enabled
		ADDED from src\main\AndroidManifest.xml:103:13-35
	android:name
		ADDED from src\main\AndroidManifest.xml:102:13-48
receiver#com.fgtit.service.UsbBroadcastReceiver
ADDED from src\main\AndroidManifest.xml:105:9-110:20
	android:name
		ADDED from src\main\AndroidManifest.xml:105:19-72
intent-filter#action:name:NotifyUsbStartNet+action:name:NotifyUsbStopNet
ADDED from src\main\AndroidManifest.xml:106:13-109:29
action#NotifyUsbStartNet
ADDED from src\main\AndroidManifest.xml:107:17-60
	android:name
		ADDED from src\main\AndroidManifest.xml:107:25-57
action#NotifyUsbStopNet
ADDED from src\main\AndroidManifest.xml:108:17-59
	android:name
		ADDED from src\main\AndroidManifest.xml:108:25-56
service#com.fgtit.service.ConnectService
ADDED from src\main\AndroidManifest.xml:111:9-68
	android:name
		ADDED from src\main\AndroidManifest.xml:111:18-65
activity#com.fgtit.fingermap.MainActivity
ADDED from src\main\AndroidManifest.xml:112:9-120:20
	android:label
		ADDED from src\main\AndroidManifest.xml:114:13-37
	android:name
		ADDED from src\main\AndroidManifest.xml:113:13-41
intent-filter#action:name:android.intent.action.MAIN+category:name:android.intent.category.LAUNCHER
ADDED from src\main\AndroidManifest.xml:115:13-119:29
action#android.intent.action.MAIN
ADDED from src\main\AndroidManifest.xml:116:17-69
	android:name
		ADDED from src\main\AndroidManifest.xml:116:25-66
category#android.intent.category.LAUNCHER
ADDED from src\main\AndroidManifest.xml:118:17-77
	android:name
		ADDED from src\main\AndroidManifest.xml:118:27-74
activity#com.fgtit.fingermap.LoginActivity
ADDED from src\main\AndroidManifest.xml:121:9-123:48
	android:label
		ADDED from src\main\AndroidManifest.xml:123:13-45
	android:name
		ADDED from src\main\AndroidManifest.xml:122:13-42
activity#com.fgtit.fingermap.MenuActivity
ADDED from src\main\AndroidManifest.xml:124:9-126:59
	android:label
		ADDED from src\main\AndroidManifest.xml:126:13-56
	android:name
		ADDED from src\main\AndroidManifest.xml:125:13-41
activity#com.fgtit.fingermap.SignOnActivity
ADDED from src\main\AndroidManifest.xml:127:9-129:62
	android:label
		ADDED from src\main\AndroidManifest.xml:129:13-59
	android:name
		ADDED from src\main\AndroidManifest.xml:128:13-43
activity#com.fgtit.fingermap.SignOffActivity
ADDED from src\main\AndroidManifest.xml:130:9-132:63
	android:label
		ADDED from src\main\AndroidManifest.xml:132:13-60
	android:name
		ADDED from src\main\AndroidManifest.xml:131:13-44
activity#com.fgtit.fingermap.JobActivity
ADDED from src\main\AndroidManifest.xml:133:9-136:60
	android:label
		ADDED from src\main\AndroidManifest.xml:135:13-59
	android:windowSoftInputMode
		ADDED from src\main\AndroidManifest.xml:136:13-57
	android:name
		ADDED from src\main\AndroidManifest.xml:134:13-40
activity#com.fgtit.fingermap.EmployeesActivity
ADDED from src\main\AndroidManifest.xml:137:9-139:64
	android:label
		ADDED from src\main\AndroidManifest.xml:139:13-61
	android:name
		ADDED from src\main\AndroidManifest.xml:138:13-46
activity#com.fgtit.fingermap.EmployeeActivity
ADDED from src\main\AndroidManifest.xml:140:9-142:63
	android:label
		ADDED from src\main\AndroidManifest.xml:142:13-60
	android:name
		ADDED from src\main\AndroidManifest.xml:141:13-45
activity#com.fgtit.fingermap.CameraExActivity
ADDED from src\main\AndroidManifest.xml:143:9-145:67
	android:label
		ADDED from src\main\AndroidManifest.xml:145:13-64
	android:name
		ADDED from src\main\AndroidManifest.xml:144:13-45
activity#com.fgtit.fingermap.UtilitiesActivity
ADDED from src\main\AndroidManifest.xml:146:9-148:64
	android:label
		ADDED from src\main\AndroidManifest.xml:148:13-61
	android:name
		ADDED from src\main\AndroidManifest.xml:147:13-46
activity#com.fgtit.fingermap.SystemActivity
ADDED from src\main\AndroidManifest.xml:149:9-151:61
	android:label
		ADDED from src\main\AndroidManifest.xml:151:13-58
	android:name
		ADDED from src\main\AndroidManifest.xml:150:13-43
activity#com.fgtit.fingermap.SettingsActivity
ADDED from src\main\AndroidManifest.xml:152:9-154:63
	android:label
		ADDED from src\main\AndroidManifest.xml:154:13-60
	android:name
		ADDED from src\main\AndroidManifest.xml:153:13-45
activity#android.scanner.CaptureActivity
ADDED from src\main\AndroidManifest.xml:155:9-160:63
	android:screenOrientation
		ADDED from src\main\AndroidManifest.xml:158:13-49
	android:windowSoftInputMode
		ADDED from src\main\AndroidManifest.xml:160:13-60
	android:configChanges
		ADDED from src\main\AndroidManifest.xml:157:13-63
	android:theme
		ADDED from src\main\AndroidManifest.xml:159:13-71
	android:name
		ADDED from src\main\AndroidManifest.xml:156:13-59
activity#com.fgtit.fingermap.DeviceListActivity
ADDED from src\main\AndroidManifest.xml:161:9-164:59
	android:label
		ADDED from src\main\AndroidManifest.xml:164:13-56
	android:configChanges
		ADDED from src\main\AndroidManifest.xml:163:13-63
	android:name
		ADDED from src\main\AndroidManifest.xml:162:13-47
activity#com.fgtit.fingermap.EnrollActivity
ADDED from src\main\AndroidManifest.xml:165:9-168:60
	android:label
		ADDED from src\main\AndroidManifest.xml:167:13-61
	android:windowSoftInputMode
		ADDED from src\main\AndroidManifest.xml:168:13-57
	android:name
		ADDED from src\main\AndroidManifest.xml:166:13-43
activity#com.fgtit.fingermap.CameraActivity
ADDED from src\main\AndroidManifest.xml:169:9-171:67
	android:label
		ADDED from src\main\AndroidManifest.xml:171:13-64
	android:name
		ADDED from src\main\AndroidManifest.xml:170:13-43
activity#com.fgtit.fingermap.PrinterActivity
ADDED from src\main\AndroidManifest.xml:172:9-174:58
	android:label
		ADDED from src\main\AndroidManifest.xml:174:13-55
	android:name
		ADDED from src\main\AndroidManifest.xml:173:13-44
activity#com.fgtit.fingermap.RecordList
ADDED from src\main\AndroidManifest.xml:175:9-48
	android:name
		ADDED from src\main\AndroidManifest.xml:175:19-45
activity#com.fgtit.fingermap.RecDetails
ADDED from src\main\AndroidManifest.xml:176:9-48
	android:name
		ADDED from src\main\AndroidManifest.xml:176:19-45
activity#com.fgtit.fingermap.UserList
ADDED from src\main\AndroidManifest.xml:177:9-179:64
	android:label
		ADDED from src\main\AndroidManifest.xml:179:13-61
	android:name
		ADDED from src\main\AndroidManifest.xml:178:13-37
activity#com.fgtit.fingermap.EmpUpdate
ADDED from src\main\AndroidManifest.xml:180:9-47
	android:name
		ADDED from src\main\AndroidManifest.xml:180:19-44
meta-data#com.google.android.maps.v2.API_KEY
ADDED from src\main\AndroidManifest.xml:181:9-183:71
	android:value
		ADDED from src\main\AndroidManifest.xml:183:13-68
	android:name
		ADDED from src\main\AndroidManifest.xml:182:13-62
meta-data#com.mapbox.ACCESS_TOKEN
ADDED from src\main\AndroidManifest.xml:189:9-191:121
	android:value
		ADDED from src\main\AndroidManifest.xml:191:13-118
	android:name
		ADDED from src\main\AndroidManifest.xml:190:13-51
meta-data#com.mapbox.MAP_ID
ADDED from src\main\AndroidManifest.xml:192:9-194:46
	android:value
		ADDED from src\main\AndroidManifest.xml:194:13-43
	android:name
		ADDED from src\main\AndroidManifest.xml:193:13-45
activity#com.fgtit.fingermap.JobDetail
ADDED from src\main\AndroidManifest.xml:195:9-47
	android:name
		ADDED from src\main\AndroidManifest.xml:195:19-44
activity#com.fgtit.fingermap.AppSettings
ADDED from src\main\AndroidManifest.xml:196:9-49
	android:name
		ADDED from src\main\AndroidManifest.xml:196:19-46
activity#com.fgtit.fingermap.Signature
ADDED from src\main\AndroidManifest.xml:197:9-47
	android:name
		ADDED from src\main\AndroidManifest.xml:197:19-44
activity#com.fgtit.fingermap.Timesheet
ADDED from src\main\AndroidManifest.xml:198:9-47
	android:name
		ADDED from src\main\AndroidManifest.xml:198:19-44
activity#com.fgtit.fingermap.Tsign
ADDED from src\main\AndroidManifest.xml:199:9-43
	android:name
		ADDED from src\main\AndroidManifest.xml:199:19-40
activity#com.fgtit.fingermap.Project
ADDED from src\main\AndroidManifest.xml:200:9-202:40
	android:label
		ADDED from src\main\AndroidManifest.xml:202:13-37
	android:name
		ADDED from src\main\AndroidManifest.xml:201:13-36
activity#com.fgtit.fingermap.ProjectDetail
ADDED from src\main\AndroidManifest.xml:203:9-205:46
	android:label
		ADDED from src\main\AndroidManifest.xml:205:13-43
	android:name
		ADDED from src\main\AndroidManifest.xml:204:13-42
activity#com.fgtit.fingermap.ProjectUpdate
ADDED from src\main\AndroidManifest.xml:206:9-208:46
	android:label
		ADDED from src\main\AndroidManifest.xml:208:13-43
	android:name
		ADDED from src\main\AndroidManifest.xml:207:13-42
activity#com.fgtit.fingermap.PinneReport
ADDED from src\main\AndroidManifest.xml:209:9-49
	android:name
		ADDED from src\main\AndroidManifest.xml:209:19-46
activity#com.fgtit.fingermap.PineDetail
ADDED from src\main\AndroidManifest.xml:210:9-48
	android:name
		ADDED from src\main\AndroidManifest.xml:210:19-45
activity#com.fgtit.fingermap.BTScale
ADDED from src\main\AndroidManifest.xml:211:9-45
	android:name
		ADDED from src\main\AndroidManifest.xml:211:19-42
activity#com.fgtit.fingermap.PineCapture
ADDED from src\main\AndroidManifest.xml:212:9-49
	android:name
		ADDED from src\main\AndroidManifest.xml:212:19-46
activity#com.fgtit.fingermap.Alcohol
ADDED from src\main\AndroidManifest.xml:217:9-219:44
	android:label
		ADDED from src\main\AndroidManifest.xml:219:13-41
	android:name
		ADDED from src\main\AndroidManifest.xml:218:13-36
uses-sdk
INJECTED from src\main\AndroidManifest.xml reason: use-sdk injection requested
INJECTED from src\main\AndroidManifest.xml
INJECTED from src\main\AndroidManifest.xml
MERGED from [com.android.support:design:28.0.0] AndroidManifest.xml:20:5-44
MERGED from [com.android.support:design:28.0.0] AndroidManifest.xml:20:5-44
MERGED from [com.airbnb.android:airmapview:1.3.4] AndroidManifest.xml:6:5-8:41
MERGED from [com.airbnb.android:airmapview:1.3.4] AndroidManifest.xml:6:5-8:41
MERGED from [net.gotev:uploadservice:2.1] AndroidManifest.xml:7:5-9:41
MERGED from [net.gotev:uploadservice:2.1] AndroidManifest.xml:7:5-9:41
MERGED from [com.android.support:appcompat-v7:28.0.0] AndroidManifest.xml:20:5-44
MERGED from [com.android.support:appcompat-v7:28.0.0] AndroidManifest.xml:20:5-44
MERGED from [com.android.support.constraint:constraint-layout:1.0.2] AndroidManifest.xml:5:5-7:41
MERGED from [com.android.support.constraint:constraint-layout:1.0.2] AndroidManifest.xml:5:5-7:41
MERGED from [com.google.android.gms:play-services-maps:8.3.0] AndroidManifest.xml:26:5-42
MERGED from [com.google.android.gms:play-services-maps:8.3.0] AndroidManifest.xml:26:5-42
MERGED from [com.google.android.gms:play-services-base:8.3.0] AndroidManifest.xml:18:5-42
MERGED from [com.google.android.gms:play-services-base:8.3.0] AndroidManifest.xml:18:5-42
MERGED from [com.google.android.gms:play-services-basement:8.3.0] AndroidManifest.xml:18:5-42
MERGED from [com.google.android.gms:play-services-basement:8.3.0] AndroidManifest.xml:18:5-42
MERGED from [com.android.support:support-v4:28.0.0] AndroidManifest.xml:20:5-44
MERGED from [com.android.support:support-v4:28.0.0] AndroidManifest.xml:20:5-44
MERGED from [com.android.support:support-fragment:28.0.0] AndroidManifest.xml:20:5-44
MERGED from [com.android.support:support-fragment:28.0.0] AndroidManifest.xml:20:5-44
MERGED from [com.android.support:animated-vector-drawable:28.0.0] AndroidManifest.xml:20:5-44
MERGED from [com.android.support:animated-vector-drawable:28.0.0] AndroidManifest.xml:20:5-44
MERGED from [com.android.support:recyclerview-v7:28.0.0] AndroidManifest.xml:20:5-44
MERGED from [com.android.support:recyclerview-v7:28.0.0] AndroidManifest.xml:20:5-44
MERGED from [com.android.support:support-core-ui:28.0.0] AndroidManifest.xml:20:5-44
MERGED from [com.android.support:support-core-ui:28.0.0] AndroidManifest.xml:20:5-44
MERGED from [com.android.support:support-core-utils:28.0.0] AndroidManifest.xml:20:5-44
MERGED from [com.android.support:support-core-utils:28.0.0] AndroidManifest.xml:20:5-44
MERGED from [com.android.support:support-vector-drawable:28.0.0] AndroidManifest.xml:20:5-44
MERGED from [com.android.support:support-vector-drawable:28.0.0] AndroidManifest.xml:20:5-44
MERGED from [com.android.support:support-media-compat:28.0.0] AndroidManifest.xml:20:5-44
MERGED from [com.android.support:support-media-compat:28.0.0] AndroidManifest.xml:20:5-44
MERGED from [com.android.support:transition:28.0.0] AndroidManifest.xml:20:5-44
MERGED from [com.android.support:transition:28.0.0] AndroidManifest.xml:20:5-44
MERGED from [com.android.support:loader:28.0.0] AndroidManifest.xml:20:5-44
MERGED from [com.android.support:loader:28.0.0] AndroidManifest.xml:20:5-44
MERGED from [com.android.support:viewpager:28.0.0] AndroidManifest.xml:20:5-44
MERGED from [com.android.support:viewpager:28.0.0] AndroidManifest.xml:20:5-44
MERGED from [com.android.support:coordinatorlayout:28.0.0] AndroidManifest.xml:20:5-44
MERGED from [com.android.support:coordinatorlayout:28.0.0] AndroidManifest.xml:20:5-44
MERGED from [com.android.support:drawerlayout:28.0.0] AndroidManifest.xml:20:5-44
MERGED from [com.android.support:drawerlayout:28.0.0] AndroidManifest.xml:20:5-44
MERGED from [com.android.support:slidingpanelayout:28.0.0] AndroidManifest.xml:20:5-44
MERGED from [com.android.support:slidingpanelayout:28.0.0] AndroidManifest.xml:20:5-44
MERGED from [com.android.support:customview:28.0.0] AndroidManifest.xml:20:5-44
MERGED from [com.android.support:customview:28.0.0] AndroidManifest.xml:20:5-44
MERGED from [com.android.support:swiperefreshlayout:28.0.0] AndroidManifest.xml:20:5-44
MERGED from [com.android.support:swiperefreshlayout:28.0.0] AndroidManifest.xml:20:5-44
MERGED from [com.android.support:asynclayoutinflater:28.0.0] AndroidManifest.xml:20:5-44
MERGED from [com.android.support:asynclayoutinflater:28.0.0] AndroidManifest.xml:20:5-44
MERGED from [com.android.support:support-compat:28.0.0] AndroidManifest.xml:20:5-44
MERGED from [com.android.support:support-compat:28.0.0] AndroidManifest.xml:20:5-44
MERGED from [com.android.support:versionedparcelable:28.0.0] AndroidManifest.xml:20:5-44
MERGED from [com.android.support:versionedparcelable:28.0.0] AndroidManifest.xml:20:5-44
MERGED from [com.android.support:cursoradapter:28.0.0] AndroidManifest.xml:20:5-44
MERGED from [com.android.support:cursoradapter:28.0.0] AndroidManifest.xml:20:5-44
MERGED from [com.android.support:cardview-v7:28.0.0] AndroidManifest.xml:20:5-44
MERGED from [com.android.support:cardview-v7:28.0.0] AndroidManifest.xml:20:5-44
MERGED from [android.arch.lifecycle:runtime:1.1.1] AndroidManifest.xml:20:5-44
MERGED from [android.arch.lifecycle:runtime:1.1.1] AndroidManifest.xml:20:5-44
MERGED from [com.android.support:documentfile:28.0.0] AndroidManifest.xml:20:5-44
MERGED from [com.android.support:documentfile:28.0.0] AndroidManifest.xml:20:5-44
MERGED from [com.android.support:localbroadcastmanager:28.0.0] AndroidManifest.xml:20:5-44
MERGED from [com.android.support:localbroadcastmanager:28.0.0] AndroidManifest.xml:20:5-44
MERGED from [com.android.support:print:28.0.0] AndroidManifest.xml:20:5-44